Thu 05 Oct 2023 12:43:45 AM UTC: 
 tests:  0|5
total_score: 0/70
b3e9fe4
Thu 05 Oct 2023 04:53:26 PM UTC: 
 sudoku.c | 7 ++++++-
 1 file changed, 6 insertions(+), 1 deletion(-)
In file included from test.c:5:
sudoku.c: In function ‘is_final’:
sudoku.c:59:11: error: expected identifier or ‘(’ before numeric constant
   59 |   for(int 1 = 0 ; i < 9 ; i++){
      |           ^
sudoku.c:59:19: error: ‘i’ undeclared (first use in this function)
   59 |   for(int 1 = 0 ; i < 9 ; i++){
      |                   ^
sudoku.c:59:19: note: each undeclared identifier is reported only once for each function it appears in
Compilation failed
d7b42b8
Thu 05 Oct 2023 04:53:48 PM UTC: 
 sudoku.c | 2 +-
 1 file changed, 1 insertion(+), 1 deletion(-)
 tests:  1|4
total_score: 10/70
f5b1cbf
Thu 05 Oct 2023 05:38:10 PM UTC: 
 sudoku.c | 29 +++++++++++++++++++++++++++++
 1 file changed, 29 insertions(+)
In file included from test.c:5:
sudoku.c: In function ‘is_valid’:
sudoku.c:52:27: error: ‘o’ undeclared (first use in this function)
   52 |       int contSubMatrix = o;
      |                           ^
sudoku.c:52:27: note: each undeclared identifier is reported only once for each function it appears in
sudoku.c:66:29: error: expected ‘)’ before ‘/’ token
   66 |         int filaSubMatrix (i / 3) * 3 + m / 3;
      |                             ^~
      |                             )
sudoku.c:69:9: error: expected ‘,’ or ‘;’ before ‘if’
   69 |         if(n->sudo[filaSubMatrix][colSubMatrix] == k){
      |         ^~
sudoku.c:67:13: error: unused variable ‘colSubMatrix’ [-Werror=unused-variable]
   67 |         int colSubMatrix = (1 % 3) * 3 + m% 3
      |             ^~~~~~~~~~~~
sudoku.c:52:11: error: unused variable ‘contSubMatrix’ [-Werror=unused-variable]
   52 |       int contSubMatrix = o;
      |           ^~~~~~~~~~~~~
cc1: all warnings being treated as errors
Compilation failed
9c44d72
Thu 05 Oct 2023 05:38:55 PM UTC: 
 sudoku.c | 4 ++--
 1 file changed, 2 insertions(+), 2 deletions(-)
In file included from test.c:5:
sudoku.c: In function ‘is_valid’:
sudoku.c:69:9: error: expected ‘,’ or ‘;’ before ‘if’
   69 |         if(n->sudo[filaSubMatrix][colSubMatrix] == k){
      |         ^~
sudoku.c:67:13: error: unused variable ‘colSubMatrix’ [-Werror=unused-variable]
   67 |         int colSubMatrix = (1 % 3) * 3 + m% 3
      |             ^~~~~~~~~~~~
sudoku.c:66:13: error: unused variable ‘filaSubMatrix’ [-Werror=unused-variable]
   66 |         int filaSubMatrix = (i / 3) * 3 + m / 3;
      |             ^~~~~~~~~~~~~
sudoku.c:52:11: error: unused variable ‘contSubMatrix’ [-Werror=unused-variable]
   52 |       int contSubMatrix = 0;
      |           ^~~~~~~~~~~~~
cc1: all warnings being treated as errors
Compilation failed
200fd12
Thu 05 Oct 2023 05:39:17 PM UTC: 
 sudoku.c | 2 +-
 1 file changed, 1 insertion(+), 1 deletion(-)
 tests:  1|4
total_score: 10/70
34132ed
Thu 05 Oct 2023 05:43:30 PM UTC: 
 sudoku.c | 2 +-
 1 file changed, 1 insertion(+), 1 deletion(-)
 tests:  1|4
total_score: 10/70
d623a1d
Thu 05 Oct 2023 05:44:29 PM UTC: 
 sudoku.c | 2 +-
 1 file changed, 1 insertion(+), 1 deletion(-)
 tests:  1|4
total_score: 10/70
81a808b
Thu 05 Oct 2023 06:15:56 PM UTC: 
 sudoku.c | 33 ++++++++++++++-------------------
 1 file changed, 14 insertions(+), 19 deletions(-)
In file included from test.c:5:
sudoku.c: In function ‘is_valid’:
sudoku.c:48:28: error: invalid initializer
   48 |   int validarFila[9][10] = 0;
      |                            ^
sudoku.c:49:27: error: invalid initializer
   49 |   int validarCol[9][10] = 0;
      |                           ^
sudoku.c:50:33: error: invalid initializer
   50 |   int validarSubMatrix[9][10] = 0;
      |                                 ^
sudoku.c:66:7: error: expected ‘,’ or ‘;’ before ‘if’
   66 |       if(validarSubMatrix[subMatrix][currentNum] == 1) return 0;
      |       ^~
sudoku.c:50:7: error: variable ‘validarSubMatrix’ set but not used [-Werror=unused-but-set-variable]
   50 |   int validarSubMatrix[9][10] = 0;
      |       ^~~~~~~~~~~~~~~~
cc1: all warnings being treated as errors
Compilation failed
6971a38
Thu 05 Oct 2023 06:16:31 PM UTC: 
 sudoku.c | 8 ++++----
 1 file changed, 4 insertions(+), 4 deletions(-)
 tests:  4|3
total_score: 30/70
0f34dda
Fri 06 Oct 2023 11:20:05 PM UTC: 
 sudoku.c | 47 +++++++++++++++++++++++++++++++++--------------
 1 file changed, 33 insertions(+), 14 deletions(-)
In file included from test.c:5:
sudoku.c: In function ‘get_adj_nodes’:
sudoku.c:83:10: error: suggest parentheses around assignment used as truth value [-Werror=parentheses]
   83 |       if(n->sudo[i][k] = 0){
      |          ^
sudoku.c:87:41: error: ‘filla’ undeclared (first use in this function); did you mean ‘fila’?
   87 |           for(int fila = 0 ; fila < 9 ; filla++){
      |                                         ^~~~~
      |                                         fila
sudoku.c:87:41: note: each undeclared identifier is reported only once for each function it appears in
sudoku.c:89:60: error: expected ‘;’ before ‘}’ token
   89 |               newNode->sudo[fila][col] = n->sudo[fila][col]
      |                                                            ^
      |                                                            ;
   90 |             }
      |             ~                                               
sudoku.c:95:16: error: implicit declaration of function ‘frree’; did you mean ‘free’? [-Werror=implicit-function-declaration]
   95 |           else frree(newNode):
      |                ^~~~~
      |                free
sudoku.c:95:30: error: expected ‘;’ before ‘:’ token
   95 |           else frree(newNode):
      |                              ^
      |                              ;
cc1: all warnings being treated as errors
Compilation failed
aff6e73
Fri 06 Oct 2023 11:20:28 PM UTC: 
 sudoku.c | 2 +-
 1 file changed, 1 insertion(+), 1 deletion(-)
In file included from test.c:5:
sudoku.c: In function ‘get_adj_nodes’:
sudoku.c:83:10: error: suggest parentheses around assignment used as truth value [-Werror=parentheses]
   83 |       if(n->sudo[i][k] = 0){
      |          ^
sudoku.c:87:41: error: ‘filla’ undeclared (first use in this function); did you mean ‘fila’?
   87 |           for(int fila = 0 ; fila < 9 ; filla++){
      |                                         ^~~~~
      |                                         fila
sudoku.c:87:41: note: each undeclared identifier is reported only once for each function it appears in
sudoku.c:95:16: error: implicit declaration of function ‘frree’; did you mean ‘free’? [-Werror=implicit-function-declaration]
   95 |           else frree(newNode):
      |                ^~~~~
      |                free
sudoku.c:95:30: error: expected ‘;’ before ‘:’ token
   95 |           else frree(newNode):
      |                              ^
      |                              ;
cc1: all warnings being treated as errors
Compilation failed
3ded69c
Fri 06 Oct 2023 11:20:41 PM UTC: 
 sudoku.c | 2 +-
 1 file changed, 1 insertion(+), 1 deletion(-)
In file included from test.c:5:
sudoku.c: In function ‘get_adj_nodes’:
sudoku.c:83:10: error: suggest parentheses around assignment used as truth value [-Werror=parentheses]
   83 |       if(n->sudo[i][k] = 0){
      |          ^
sudoku.c:95:16: error: implicit declaration of function ‘frree’; did you mean ‘free’? [-Werror=implicit-function-declaration]
   95 |           else frree(newNode):
      |                ^~~~~
      |                free
sudoku.c:95:30: error: expected ‘;’ before ‘:’ token
   95 |           else frree(newNode):
      |                              ^
      |                              ;
cc1: all warnings being treated as errors
Compilation failed
b024a12
Fri 06 Oct 2023 11:20:53 PM UTC: 
 sudoku.c | 2 +-
 1 file changed, 1 insertion(+), 1 deletion(-)
In file included from test.c:5:
sudoku.c: In function ‘get_adj_nodes’:
sudoku.c:83:10: error: suggest parentheses around assignment used as truth value [-Werror=parentheses]
   83 |       if(n->sudo[i][k] = 0){
      |          ^
sudoku.c:95:16: error: implicit declaration of function ‘frree’; did you mean ‘free’? [-Werror=implicit-function-declaration]
   95 |           else frree(newNode);
      |                ^~~~~
      |                free
cc1: all warnings being treated as errors
Compilation failed
3fb0b14
Fri 06 Oct 2023 11:21:01 PM UTC: 
 sudoku.c | 2 +-
 1 file changed, 1 insertion(+), 1 deletion(-)
In file included from test.c:5:
sudoku.c: In function ‘get_adj_nodes’:
sudoku.c:83:10: error: suggest parentheses around assignment used as truth value [-Werror=parentheses]
   83 |       if(n->sudo[i][k] = 0){
      |          ^
cc1: all warnings being treated as errors
Compilation failed
7e295fa
Fri 06 Oct 2023 11:24:57 PM UTC: 
 sudoku.c | 2 +-
 1 file changed, 1 insertion(+), 1 deletion(-)
 tests:  6|2
total_score: 45/70
6b22966
Sat 07 Oct 2023 12:42:07 AM UTC: 
 sudoku.c | 27 ++++++++++++++++++++-------
 1 file changed, 20 insertions(+), 7 deletions(-)
In file included from test.c:5:
sudoku.c: In function ‘get_adj_nodes’:
sudoku.c:85:17: error: unused variable ‘newNode’ [-Werror=unused-variable]
   85 |           Node* newNode = copy(n);
      |                 ^~~~~~~
sudoku.c:87:11: error: ‘newNode’ undeclared (first use in this function); did you mean ‘Node’?
   87 |           newNode->sudo[i][k] = num;
      |           ^~~~~~~
      |           Node
sudoku.c:87:11: note: each undeclared identifier is reported only once for each function it appears in
sudoku.c:87:33: error: ‘num’ undeclared (first use in this function)
   87 |           newNode->sudo[i][k] = num;
      |                                 ^~~
sudoku.c: At top level:
sudoku.c:96:3: error: expected identifier or ‘(’ before ‘return’
   96 |   return list;
      |   ^~~~~~
sudoku.c:97:1: error: expected identifier or ‘(’ before ‘}’ token
   97 | }
      | ^
sudoku.c: In function ‘DFS’:
sudoku.c:114:29: error: ‘s’ undeclared (first use in this function)
  114 |     Node* currentNode = pop(s);
      |                             ^
sudoku.c:122:7: error: too few arguments to function ‘push’
  122 |       push()
      |       ^~~~
In file included from test.c:4:
list.h:33:6: note: declared here
   33 | void push(Stack* s, void* data);
      |      ^~~~
In file included from test.c:5:
sudoku.c:122:13: error: expected ‘;’ before ‘}’ token
  122 |       push()
      |             ^
      |             ;
  123 |     }
      |     ~        
sudoku.c: In function ‘get_adj_nodes’:
sudoku.c:95:3: error: control reaches end of non-void function [-Werror=return-type]
   95 |   }
      |   ^
cc1: all warnings being treated as errors
Compilation failed
ccfa93e
Sat 07 Oct 2023 12:42:41 AM UTC: 
 sudoku.c | 5 +++--
 1 file changed, 3 insertions(+), 2 deletions(-)
In file included from test.c:5:
sudoku.c: In function ‘get_adj_nodes’:
sudoku.c:85:17: error: unused variable ‘newNode’ [-Werror=unused-variable]
   85 |           Node* newNode = copy(n);
      |                 ^~~~~~~
sudoku.c:87:11: error: ‘newNode’ undeclared (first use in this function); did you mean ‘Node’?
   87 |           newNode->sudo[i][k] = num;
      |           ^~~~~~~
      |           Node
sudoku.c:87:11: note: each undeclared identifier is reported only once for each function it appears in
sudoku.c:87:33: error: ‘num’ undeclared (first use in this function)
   87 |           newNode->sudo[i][k] = num;
      |                                 ^~~
sudoku.c: At top level:
sudoku.c:96:3: error: expected identifier or ‘(’ before ‘return’
   96 |   return list;
      |   ^~~~~~
sudoku.c:97:1: error: expected identifier or ‘(’ before ‘}’ token
   97 | }
      | ^
sudoku.c: In function ‘get_adj_nodes’:
sudoku.c:95:3: error: control reaches end of non-void function [-Werror=return-type]
   95 |   }
      |   ^
cc1: all warnings being treated as errors
Compilation failed
0eae624
Sat 07 Oct 2023 12:44:38 AM UTC: 
 sudoku.c | 1 -
 1 file changed, 1 deletion(-)
 tests:  6|2
total_score: 45/70
3c986bd
Sat 07 Oct 2023 12:46:43 AM UTC: 
 sudoku.c | 7 ++++---
 1 file changed, 4 insertions(+), 3 deletions(-)
In file included from test.c:5:
sudoku.c: In function ‘DFS’:
sudoku.c:114:29: error: ‘s’ undeclared (first use in this function)
  114 |     Node* currentNode = pop(s);
      |                             ^
sudoku.c:114:29: note: each undeclared identifier is reported only once for each function it appears in
sudoku.c:123:27: error: expected ‘;’ before ‘}’ token
  123 |       aux = next(adjNodes)
      |                           ^
      |                           ;
  124 |     }
      |     ~                      
Compilation failed
8788afe
Sat 07 Oct 2023 12:46:58 AM UTC: 
 sudoku.c | 4 ++--
 1 file changed, 2 insertions(+), 2 deletions(-)
In file included from test.c:5:
sudoku.c: In function ‘DFS’:
sudoku.c:114:25: error: void value not ignored as it ought to be
  114 |     Node* currentNode = pop(S);
      |                         ^~~
Compilation failed
34b9f35
Sat 07 Oct 2023 12:58:05 AM UTC: 
 sudoku.c | 1 +
 1 file changed, 1 insertion(+)
In file included from test.c:5:
sudoku.c: In function ‘DFS’:
sudoku.c:114:25: error: void value not ignored as it ought to be
  114 |     Node* currentNode = pop(S);
      |                         ^~~
Compilation failed
a647663
Sat 07 Oct 2023 12:59:02 AM UTC: 
 sudoku.c | 2 +-
 1 file changed, 1 insertion(+), 1 deletion(-)
In file included from test.c:5:
sudoku.c: In function ‘DFS’:
sudoku.c:114:25: error: void value not ignored as it ought to be
  114 |     Node* currentNode = pop(S);
      |                         ^~~
sudoku.c:125:20: error: expected ‘;’ before ‘nn’
  125 |     clean(adjNodes)nn
      |                    ^~
      |                    ;
Compilation failed
98fcece
Sat 07 Oct 2023 01:02:37 AM UTC: 
 sudoku.c | 4 ++--
 1 file changed, 2 insertions(+), 2 deletions(-)
In file included from test.c:5:
sudoku.c: In function ‘DFS’:
sudoku.c:114:25: error: invalid use of void expression
  114 |     Node* currentNode = (Node*)pop(S);
      |                         ^
Compilation failed
a6c56e2
Sat 07 Oct 2023 01:06:49 AM UTC: 
 sudoku.c | 5 ++++-
 1 file changed, 4 insertions(+), 1 deletion(-)
 tests:  0|0
e495ab7
Sat 07 Oct 2023 01:25:15 AM UTC: 
 sudoku.c | 4 ++--
 1 file changed, 2 insertions(+), 2 deletions(-)
 tests:  6|2
total_score: 45/70
51989aa
Sat 07 Oct 2023 01:25:43 AM UTC: 
 sudoku.c | 4 ++--
 1 file changed, 2 insertions(+), 2 deletions(-)
 tests:  0|0
360c174
Sat 07 Oct 2023 01:35:56 AM UTC: 
 sudoku.c | 21 ---------------------
 1 file changed, 21 deletions(-)
 tests:  6|2
total_score: 45/70
c20c96e
Sat 07 Oct 2023 01:39:45 AM UTC: 
 sudoku.c | 20 ++++++++++++++++++++
 1 file changed, 20 insertions(+)
 tests:  0|0
b2213b5
 tests:  0|0
 tests:  0|0
d2c3f1f
ee95a56
 tests:  0|0
afa5333
9ccbd70
Sat 07 Oct 2023 01:58:08 AM UTC: 
 sudoku.c | 20 --------------------
 1 file changed, 20 deletions(-)
 tests:  6|2
total_score: 45/70
99527a0
Sat 07 Oct 2023 05:41:59 AM UTC: 
 tests:  6|2
total_score: 45/70
10b3c1b
